<?xml version="1.0" encoding="UTF-8"?>
<robot generator="Robot 6.0.2 (Python 3.11.2 on win32)" generated="20230316 22:27:40.160" rpa="false" schemaversion="3">
<suite id="s1" name="FN05-06" source="D:\Coding Study\sofTest\FN05\FN05-06.robot">
<test id="s1-t1" name="TC-PSF-05-06-01 ตรวจสอบการแสดงผลข้อมูลรหัสนิสิตที่เลือกจากตาราง" line="57">
<kw name="เปิดหน้าจอ">
<arg>${url}</arg>
<doc>เข้าสู่ระบบและเปิดหน้าจอติดตามนิสิตรอการพินิจ</doc>
<kw name="Open Browser" library="SeleniumLibrary">
<arg>${url}</arg>
<arg>${web_browser}</arg>
<doc>Opens a new browser instance to the optional ``url``.</doc>
<msg timestamp="20230316 22:27:40.473" level="INFO">Opening browser 'firefox' to base url 'http://127.0.0.1:8080/'.</msg>
<msg timestamp="20230316 22:27:40.479" level="INFO">Firefox driver log is always forced to to: D:\Coding Study\sofTest\FN05\geckodriver-84.log</msg>
<status status="PASS" starttime="20230316 22:27:40.473" endtime="20230316 22:27:50.689"/>
</kw>
<kw name="Input Text" library="SeleniumLibrary">
<arg>${txt_email}</arg>
<arg>${login_name}</arg>
<doc>Types the given ``text`` into the text field identified by ``locator``.</doc>
<msg timestamp="20230316 22:27:50.690" level="INFO">Typing text 'pichet' into text field 'email'.</msg>
<status status="PASS" starttime="20230316 22:27:50.689" endtime="20230316 22:27:50.778"/>
</kw>
<kw name="Input Text" library="SeleniumLibrary">
<arg>${txt_pass}</arg>
<arg>${login_pass}</arg>
<doc>Types the given ``text`` into the text field identified by ``locator``.</doc>
<msg timestamp="20230316 22:27:50.778" level="INFO">Typing text '123456' into text field 'password'.</msg>
<status status="PASS" starttime="20230316 22:27:50.778" endtime="20230316 22:27:50.814"/>
</kw>
<kw name="Click Button" library="SeleniumLibrary">
<arg>${btn_ok}</arg>
<doc>Clicks the button identified by ``locator``.</doc>
<msg timestamp="20230316 22:27:50.815" level="INFO">Clicking button 'btnok'.</msg>
<status status="PASS" starttime="20230316 22:27:50.814" endtime="20230316 22:27:55.708"/>
</kw>
<kw name="Click Link" library="SeleniumLibrary">
<arg>${followStudent}</arg>
<doc>Clicks a link identified by ``locator``.</doc>
<msg timestamp="20230316 22:27:55.709" level="INFO">Clicking link 'xpath=//a[@href="/followStudent"]'.</msg>
<status status="PASS" starttime="20230316 22:27:55.708" endtime="20230316 22:27:55.938"/>
</kw>
<status status="PASS" starttime="20230316 22:27:40.472" endtime="20230316 22:27:55.938"/>
</kw>
<kw name="กดปุ่มไอคอน">
<arg>${btn_mail}</arg>
<doc>กดปุ่ม</doc>
<kw name="Click Link" library="SeleniumLibrary">
<arg>${btn}</arg>
<doc>Clicks a link identified by ``locator``.</doc>
<msg timestamp="20230316 22:27:55.941" level="INFO">Clicking link 'xpath=//a[@href="/followStudentCon/1"]'.</msg>
<status status="PASS" starttime="20230316 22:27:55.941" endtime="20230316 22:27:56.677"/>
</kw>
<status status="PASS" starttime="20230316 22:27:55.939" endtime="20230316 22:27:56.677"/>
</kw>
<kw name="เช็คข้อมูล">
<arg>${txt_stuid}</arg>
<arg>${stuid}</arg>
<doc>เช็คข้อมูลที่แสดงใน textfield</doc>
<kw name="Textfield Value Should Be" library="SeleniumLibrary">
<arg>${txt}</arg>
<arg>${show}</arg>
<doc>Verifies text field ``locator`` has exactly text ``expected``.</doc>
<msg timestamp="20230316 22:27:56.719" level="INFO">Content of text field 'studentID' is '58660044'.</msg>
<status status="PASS" starttime="20230316 22:27:56.679" endtime="20230316 22:27:56.719"/>
</kw>
<status status="PASS" starttime="20230316 22:27:56.678" endtime="20230316 22:27:56.719"/>
</kw>
<kw name="Close Browser" library="SeleniumLibrary" type="TEARDOWN">
<doc>Closes the current browser.</doc>
<status status="PASS" starttime="20230316 22:27:56.720" endtime="20230316 22:27:59.400"/>
</kw>
<status status="PASS" starttime="20230316 22:27:40.471" endtime="20230316 22:27:59.400"/>
</test>
<test id="s1-t2" name="TC-PSF-05-06-02 ตรวจสอบการแสดงผลข้อมูลชื่อ-นามสกุล ที่เลือกจากตาราง" line="61">
<kw name="เปิดหน้าจอ">
<arg>${url}</arg>
<doc>เข้าสู่ระบบและเปิดหน้าจอติดตามนิสิตรอการพินิจ</doc>
<kw name="Open Browser" library="SeleniumLibrary">
<arg>${url}</arg>
<arg>${web_browser}</arg>
<doc>Opens a new browser instance to the optional ``url``.</doc>
<msg timestamp="20230316 22:27:59.407" level="INFO">Opening browser 'firefox' to base url 'http://127.0.0.1:8080/'.</msg>
<msg timestamp="20230316 22:27:59.413" level="INFO">Firefox driver log is always forced to to: D:\Coding Study\sofTest\FN05\geckodriver-85.log</msg>
<status status="PASS" starttime="20230316 22:27:59.406" endtime="20230316 22:28:08.037"/>
</kw>
<kw name="Input Text" library="SeleniumLibrary">
<arg>${txt_email}</arg>
<arg>${login_name}</arg>
<doc>Types the given ``text`` into the text field identified by ``locator``.</doc>
<msg timestamp="20230316 22:28:08.037" level="INFO">Typing text 'pichet' into text field 'email'.</msg>
<status status="PASS" starttime="20230316 22:28:08.037" endtime="20230316 22:28:08.119"/>
</kw>
<kw name="Input Text" library="SeleniumLibrary">
<arg>${txt_pass}</arg>
<arg>${login_pass}</arg>
<doc>Types the given ``text`` into the text field identified by ``locator``.</doc>
<msg timestamp="20230316 22:28:08.119" level="INFO">Typing text '123456' into text field 'password'.</msg>
<status status="PASS" starttime="20230316 22:28:08.119" endtime="20230316 22:28:08.158"/>
</kw>
<kw name="Click Button" library="SeleniumLibrary">
<arg>${btn_ok}</arg>
<doc>Clicks the button identified by ``locator``.</doc>
<msg timestamp="20230316 22:28:08.160" level="INFO">Clicking button 'btnok'.</msg>
<status status="PASS" starttime="20230316 22:28:08.158" endtime="20230316 22:28:11.245"/>
</kw>
<kw name="Click Link" library="SeleniumLibrary">
<arg>${followStudent}</arg>
<doc>Clicks a link identified by ``locator``.</doc>
<msg timestamp="20230316 22:28:11.246" level="INFO">Clicking link 'xpath=//a[@href="/followStudent"]'.</msg>
<status status="PASS" starttime="20230316 22:28:11.245" endtime="20230316 22:28:11.514"/>
</kw>
<status status="PASS" starttime="20230316 22:27:59.406" endtime="20230316 22:28:11.515"/>
</kw>
<kw name="กดปุ่มไอคอน">
<arg>${btn_mail}</arg>
<doc>กดปุ่ม</doc>
<kw name="Click Link" library="SeleniumLibrary">
<arg>${btn}</arg>
<doc>Clicks a link identified by ``locator``.</doc>
<msg timestamp="20230316 22:28:11.519" level="INFO">Clicking link 'xpath=//a[@href="/followStudentCon/1"]'.</msg>
<status status="PASS" starttime="20230316 22:28:11.517" endtime="20230316 22:28:11.858"/>
</kw>
<status status="PASS" starttime="20230316 22:28:11.516" endtime="20230316 22:28:11.858"/>
</kw>
<kw name="เช็คข้อมูล">
<arg>${txt_name}</arg>
<arg>${name}</arg>
<doc>เช็คข้อมูลที่แสดงใน textfield</doc>
<kw name="Textfield Value Should Be" library="SeleniumLibrary">
<arg>${txt}</arg>
<arg>${show}</arg>
<doc>Verifies text field ``locator`` has exactly text ``expected``.</doc>
<msg timestamp="20230316 22:28:11.913" level="INFO">Content of text field 'nameStu' is 'นาย ชรัญธร วงษ์ไทย'.</msg>
<status status="PASS" starttime="20230316 22:28:11.859" endtime="20230316 22:28:11.914"/>
</kw>
<status status="PASS" starttime="20230316 22:28:11.859" endtime="20230316 22:28:11.914"/>
</kw>
<kw name="Close Browser" library="SeleniumLibrary" type="TEARDOWN">
<doc>Closes the current browser.</doc>
<status status="PASS" starttime="20230316 22:28:11.914" endtime="20230316 22:28:14.687"/>
</kw>
<status status="PASS" starttime="20230316 22:27:59.404" endtime="20230316 22:28:14.687"/>
</test>
<test id="s1-t3" name="TC-PSF-05-06-03 ตรวจสอบการแสดงผลข้อมูลระดับที่เลือกจากตาราง" line="65">
<kw name="เปิดหน้าจอ">
<arg>${url}</arg>
<doc>เข้าสู่ระบบและเปิดหน้าจอติดตามนิสิตรอการพินิจ</doc>
<kw name="Open Browser" library="SeleniumLibrary">
<arg>${url}</arg>
<arg>${web_browser}</arg>
<doc>Opens a new browser instance to the optional ``url``.</doc>
<msg timestamp="20230316 22:28:14.696" level="INFO">Opening browser 'firefox' to base url 'http://127.0.0.1:8080/'.</msg>
<msg timestamp="20230316 22:28:14.704" level="INFO">Firefox driver log is always forced to to: D:\Coding Study\sofTest\FN05\geckodriver-86.log</msg>
<status status="PASS" starttime="20230316 22:28:14.695" endtime="20230316 22:28:22.355"/>
</kw>
<kw name="Input Text" library="SeleniumLibrary">
<arg>${txt_email}</arg>
<arg>${login_name}</arg>
<doc>Types the given ``text`` into the text field identified by ``locator``.</doc>
<msg timestamp="20230316 22:28:22.356" level="INFO">Typing text 'pichet' into text field 'email'.</msg>
<status status="PASS" starttime="20230316 22:28:22.355" endtime="20230316 22:28:22.438"/>
</kw>
<kw name="Input Text" library="SeleniumLibrary">
<arg>${txt_pass}</arg>
<arg>${login_pass}</arg>
<doc>Types the given ``text`` into the text field identified by ``locator``.</doc>
<msg timestamp="20230316 22:28:22.439" level="INFO">Typing text '123456' into text field 'password'.</msg>
<status status="PASS" starttime="20230316 22:28:22.438" endtime="20230316 22:28:22.485"/>
</kw>
<kw name="Click Button" library="SeleniumLibrary">
<arg>${btn_ok}</arg>
<doc>Clicks the button identified by ``locator``.</doc>
<msg timestamp="20230316 22:28:22.487" level="INFO">Clicking button 'btnok'.</msg>
<status status="PASS" starttime="20230316 22:28:22.486" endtime="20230316 22:28:23.526"/>
</kw>
<kw name="Click Link" library="SeleniumLibrary">
<arg>${followStudent}</arg>
<doc>Clicks a link identified by ``locator``.</doc>
<msg timestamp="20230316 22:28:23.531" level="INFO">Clicking link 'xpath=//a[@href="/followStudent"]'.</msg>
<status status="PASS" starttime="20230316 22:28:23.526" endtime="20230316 22:28:23.781"/>
</kw>
<status status="PASS" starttime="20230316 22:28:14.694" endtime="20230316 22:28:23.782"/>
</kw>
<kw name="กดปุ่มไอคอน">
<arg>${btn_mail}</arg>
<doc>กดปุ่ม</doc>
<kw name="Click Link" library="SeleniumLibrary">
<arg>${btn}</arg>
<doc>Clicks a link identified by ``locator``.</doc>
<msg timestamp="20230316 22:28:23.784" level="INFO">Clicking link 'xpath=//a[@href="/followStudentCon/1"]'.</msg>
<status status="PASS" starttime="20230316 22:28:23.783" endtime="20230316 22:28:24.052"/>
</kw>
<status status="PASS" starttime="20230316 22:28:23.782" endtime="20230316 22:28:24.052"/>
</kw>
<kw name="เช็คข้อมูล">
<arg>${txt_level}</arg>
<arg>${level}</arg>
<doc>เช็คข้อมูลที่แสดงใน textfield</doc>
<kw name="Textfield Value Should Be" library="SeleniumLibrary">
<arg>${txt}</arg>
<arg>${show}</arg>
<doc>Verifies text field ``locator`` has exactly text ``expected``.</doc>
<msg timestamp="20230316 22:28:24.090" level="INFO">Content of text field 'stuLevel' is 'ตรี พิเศษ'.</msg>
<status status="PASS" starttime="20230316 22:28:24.053" endtime="20230316 22:28:24.090"/>
</kw>
<status status="PASS" starttime="20230316 22:28:24.053" endtime="20230316 22:28:24.090"/>
</kw>
<kw name="Close Browser" library="SeleniumLibrary" type="TEARDOWN">
<doc>Closes the current browser.</doc>
<status status="PASS" starttime="20230316 22:28:24.092" endtime="20230316 22:28:26.868"/>
</kw>
<status status="PASS" starttime="20230316 22:28:14.692" endtime="20230316 22:28:26.869"/>
</test>
<test id="s1-t4" name="TC-PSF-05-06-04 ตรวจสอบการแสดงผลข้อมูลเกรดเฉลี่ยที่เลือกจากตาราง" line="69">
<kw name="เปิดหน้าจอ">
<arg>${url}</arg>
<doc>เข้าสู่ระบบและเปิดหน้าจอติดตามนิสิตรอการพินิจ</doc>
<kw name="Open Browser" library="SeleniumLibrary">
<arg>${url}</arg>
<arg>${web_browser}</arg>
<doc>Opens a new browser instance to the optional ``url``.</doc>
<msg timestamp="20230316 22:28:26.877" level="INFO">Opening browser 'firefox' to base url 'http://127.0.0.1:8080/'.</msg>
<msg timestamp="20230316 22:28:26.887" level="INFO">Firefox driver log is always forced to to: D:\Coding Study\sofTest\FN05\geckodriver-87.log</msg>
<status status="PASS" starttime="20230316 22:28:26.876" endtime="20230316 22:28:36.458"/>
</kw>
<kw name="Input Text" library="SeleniumLibrary">
<arg>${txt_email}</arg>
<arg>${login_name}</arg>
<doc>Types the given ``text`` into the text field identified by ``locator``.</doc>
<msg timestamp="20230316 22:28:36.459" level="INFO">Typing text 'pichet' into text field 'email'.</msg>
<status status="PASS" starttime="20230316 22:28:36.459" endtime="20230316 22:28:36.543"/>
</kw>
<kw name="Input Text" library="SeleniumLibrary">
<arg>${txt_pass}</arg>
<arg>${login_pass}</arg>
<doc>Types the given ``text`` into the text field identified by ``locator``.</doc>
<msg timestamp="20230316 22:28:36.544" level="INFO">Typing text '123456' into text field 'password'.</msg>
<status status="PASS" starttime="20230316 22:28:36.543" endtime="20230316 22:28:36.582"/>
</kw>
<kw name="Click Button" library="SeleniumLibrary">
<arg>${btn_ok}</arg>
<doc>Clicks the button identified by ``locator``.</doc>
<msg timestamp="20230316 22:28:36.583" level="INFO">Clicking button 'btnok'.</msg>
<status status="PASS" starttime="20230316 22:28:36.582" endtime="20230316 22:28:39.882"/>
</kw>
<kw name="Click Link" library="SeleniumLibrary">
<arg>${followStudent}</arg>
<doc>Clicks a link identified by ``locator``.</doc>
<msg timestamp="20230316 22:28:39.882" level="INFO">Clicking link 'xpath=//a[@href="/followStudent"]'.</msg>
<status status="PASS" starttime="20230316 22:28:39.882" endtime="20230316 22:28:40.121"/>
</kw>
<status status="PASS" starttime="20230316 22:28:26.876" endtime="20230316 22:28:40.121"/>
</kw>
<kw name="กดปุ่มไอคอน">
<arg>${btn_mail}</arg>
<doc>กดปุ่ม</doc>
<kw name="Click Link" library="SeleniumLibrary">
<arg>${btn}</arg>
<doc>Clicks a link identified by ``locator``.</doc>
<msg timestamp="20230316 22:28:40.123" level="INFO">Clicking link 'xpath=//a[@href="/followStudentCon/1"]'.</msg>
<status status="PASS" starttime="20230316 22:28:40.122" endtime="20230316 22:28:40.384"/>
</kw>
<status status="PASS" starttime="20230316 22:28:40.122" endtime="20230316 22:28:40.384"/>
</kw>
<kw name="เช็คข้อมูล">
<arg>${txt_gpa}</arg>
<arg>${gpa}</arg>
<doc>เช็คข้อมูลที่แสดงใน textfield</doc>
<kw name="Textfield Value Should Be" library="SeleniumLibrary">
<arg>${txt}</arg>
<arg>${show}</arg>
<doc>Verifies text field ``locator`` has exactly text ``expected``.</doc>
<msg timestamp="20230316 22:28:40.419" level="INFO">Content of text field 'stuGpa' is '1.94'.</msg>
<status status="PASS" starttime="20230316 22:28:40.385" endtime="20230316 22:28:40.420"/>
</kw>
<status status="PASS" starttime="20230316 22:28:40.384" endtime="20230316 22:28:40.420"/>
</kw>
<kw name="Close Browser" library="SeleniumLibrary" type="TEARDOWN">
<doc>Closes the current browser.</doc>
<status status="PASS" starttime="20230316 22:28:40.420" endtime="20230316 22:28:43.238"/>
</kw>
<status status="PASS" starttime="20230316 22:28:26.873" endtime="20230316 22:28:43.239"/>
</test>
<test id="s1-t5" name="TC-PSF-05-06-05 ตรวจสอบการแสดงผลข้อมูลหน่วยกิตที่ผ่านที่เลือกจากตาราง" line="73">
<kw name="เปิดหน้าจอ">
<arg>${url}</arg>
<doc>เข้าสู่ระบบและเปิดหน้าจอติดตามนิสิตรอการพินิจ</doc>
<kw name="Open Browser" library="SeleniumLibrary">
<arg>${url}</arg>
<arg>${web_browser}</arg>
<doc>Opens a new browser instance to the optional ``url``.</doc>
<msg timestamp="20230316 22:28:43.246" level="INFO">Opening browser 'firefox' to base url 'http://127.0.0.1:8080/'.</msg>
<msg timestamp="20230316 22:28:43.260" level="INFO">Firefox driver log is always forced to to: D:\Coding Study\sofTest\FN05\geckodriver-88.log</msg>
<status status="PASS" starttime="20230316 22:28:43.245" endtime="20230316 22:28:53.285"/>
</kw>
<kw name="Input Text" library="SeleniumLibrary">
<arg>${txt_email}</arg>
<arg>${login_name}</arg>
<doc>Types the given ``text`` into the text field identified by ``locator``.</doc>
<msg timestamp="20230316 22:28:53.286" level="INFO">Typing text 'pichet' into text field 'email'.</msg>
<status status="PASS" starttime="20230316 22:28:53.285" endtime="20230316 22:28:53.360"/>
</kw>
<kw name="Input Text" library="SeleniumLibrary">
<arg>${txt_pass}</arg>
<arg>${login_pass}</arg>
<doc>Types the given ``text`` into the text field identified by ``locator``.</doc>
<msg timestamp="20230316 22:28:53.360" level="INFO">Typing text '123456' into text field 'password'.</msg>
<status status="PASS" starttime="20230316 22:28:53.360" endtime="20230316 22:28:53.393"/>
</kw>
<kw name="Click Button" library="SeleniumLibrary">
<arg>${btn_ok}</arg>
<doc>Clicks the button identified by ``locator``.</doc>
<msg timestamp="20230316 22:28:53.394" level="INFO">Clicking button 'btnok'.</msg>
<status status="PASS" starttime="20230316 22:28:53.393" endtime="20230316 22:28:54.744"/>
</kw>
<kw name="Click Link" library="SeleniumLibrary">
<arg>${followStudent}</arg>
<doc>Clicks a link identified by ``locator``.</doc>
<msg timestamp="20230316 22:28:54.744" level="INFO">Clicking link 'xpath=//a[@href="/followStudent"]'.</msg>
<status status="PASS" starttime="20230316 22:28:54.744" endtime="20230316 22:28:54.932"/>
</kw>
<status status="PASS" starttime="20230316 22:28:43.245" endtime="20230316 22:28:54.932"/>
</kw>
<kw name="กดปุ่มไอคอน">
<arg>${btn_mail}</arg>
<doc>กดปุ่ม</doc>
<kw name="Click Link" library="SeleniumLibrary">
<arg>${btn}</arg>
<doc>Clicks a link identified by ``locator``.</doc>
<msg timestamp="20230316 22:28:54.935" level="INFO">Clicking link 'xpath=//a[@href="/followStudentCon/1"]'.</msg>
<status status="PASS" starttime="20230316 22:28:54.934" endtime="20230316 22:28:55.191"/>
</kw>
<status status="PASS" starttime="20230316 22:28:54.933" endtime="20230316 22:28:55.191"/>
</kw>
<kw name="เช็คข้อมูล">
<arg>${txt_cdp}</arg>
<arg>${cdp}</arg>
<doc>เช็คข้อมูลที่แสดงใน textfield</doc>
<kw name="Textfield Value Should Be" library="SeleniumLibrary">
<arg>${txt}</arg>
<arg>${show}</arg>
<doc>Verifies text field ``locator`` has exactly text ``expected``.</doc>
<msg timestamp="20230316 22:28:55.223" level="INFO">Content of text field 'creditPassed' is '142'.</msg>
<status status="PASS" starttime="20230316 22:28:55.193" endtime="20230316 22:28:55.223"/>
</kw>
<status status="PASS" starttime="20230316 22:28:55.192" endtime="20230316 22:28:55.223"/>
</kw>
<kw name="Close Browser" library="SeleniumLibrary" type="TEARDOWN">
<doc>Closes the current browser.</doc>
<status status="PASS" starttime="20230316 22:28:55.224" endtime="20230316 22:28:58.072"/>
</kw>
<status status="PASS" starttime="20230316 22:28:43.242" endtime="20230316 22:28:58.072"/>
</test>
<test id="s1-t6" name="TC-PSF-05-06-06 ตรวจสอบการแสดงผลข้อมูลหน่วยกิตที่ลงที่เลือกจากตาราง" line="77">
<kw name="เปิดหน้าจอ">
<arg>${url}</arg>
<doc>เข้าสู่ระบบและเปิดหน้าจอติดตามนิสิตรอการพินิจ</doc>
<kw name="Open Browser" library="SeleniumLibrary">
<arg>${url}</arg>
<arg>${web_browser}</arg>
<doc>Opens a new browser instance to the optional ``url``.</doc>
<msg timestamp="20230316 22:28:58.080" level="INFO">Opening browser 'firefox' to base url 'http://127.0.0.1:8080/'.</msg>
<msg timestamp="20230316 22:28:58.090" level="INFO">Firefox driver log is always forced to to: D:\Coding Study\sofTest\FN05\geckodriver-89.log</msg>
<status status="PASS" starttime="20230316 22:28:58.078" endtime="20230316 22:29:06.641"/>
</kw>
<kw name="Input Text" library="SeleniumLibrary">
<arg>${txt_email}</arg>
<arg>${login_name}</arg>
<doc>Types the given ``text`` into the text field identified by ``locator``.</doc>
<msg timestamp="20230316 22:29:06.642" level="INFO">Typing text 'pichet' into text field 'email'.</msg>
<status status="PASS" starttime="20230316 22:29:06.641" endtime="20230316 22:29:06.717"/>
</kw>
<kw name="Input Text" library="SeleniumLibrary">
<arg>${txt_pass}</arg>
<arg>${login_pass}</arg>
<doc>Types the given ``text`` into the text field identified by ``locator``.</doc>
<msg timestamp="20230316 22:29:06.718" level="INFO">Typing text '123456' into text field 'password'.</msg>
<status status="PASS" starttime="20230316 22:29:06.718" endtime="20230316 22:29:06.764"/>
</kw>
<kw name="Click Button" library="SeleniumLibrary">
<arg>${btn_ok}</arg>
<doc>Clicks the button identified by ``locator``.</doc>
<msg timestamp="20230316 22:29:06.765" level="INFO">Clicking button 'btnok'.</msg>
<status status="PASS" starttime="20230316 22:29:06.764" endtime="20230316 22:29:09.077"/>
</kw>
<kw name="Click Link" library="SeleniumLibrary">
<arg>${followStudent}</arg>
<doc>Clicks a link identified by ``locator``.</doc>
<msg timestamp="20230316 22:29:09.078" level="INFO">Clicking link 'xpath=//a[@href="/followStudent"]'.</msg>
<status status="PASS" starttime="20230316 22:29:09.077" endtime="20230316 22:29:09.293"/>
</kw>
<status status="PASS" starttime="20230316 22:28:58.078" endtime="20230316 22:29:09.293"/>
</kw>
<kw name="กดปุ่มไอคอน">
<arg>${btn_mail}</arg>
<doc>กดปุ่ม</doc>
<kw name="Click Link" library="SeleniumLibrary">
<arg>${btn}</arg>
<doc>Clicks a link identified by ``locator``.</doc>
<msg timestamp="20230316 22:29:09.295" level="INFO">Clicking link 'xpath=//a[@href="/followStudentCon/1"]'.</msg>
<status status="PASS" starttime="20230316 22:29:09.295" endtime="20230316 22:29:09.610"/>
</kw>
<status status="PASS" starttime="20230316 22:29:09.294" endtime="20230316 22:29:09.610"/>
</kw>
<kw name="เช็คข้อมูล">
<arg>${txt_cda}</arg>
<arg>${cda}</arg>
<doc>เช็คข้อมูลที่แสดงใน textfield</doc>
<kw name="Textfield Value Should Be" library="SeleniumLibrary">
<arg>${txt}</arg>
<arg>${show}</arg>
<doc>Verifies text field ``locator`` has exactly text ``expected``.</doc>
<msg timestamp="20230316 22:29:09.650" level="INFO">Content of text field 'creditDown' is '150'.</msg>
<status status="PASS" starttime="20230316 22:29:09.611" endtime="20230316 22:29:09.651"/>
</kw>
<status status="PASS" starttime="20230316 22:29:09.610" endtime="20230316 22:29:09.651"/>
</kw>
<kw name="Close Browser" library="SeleniumLibrary" type="TEARDOWN">
<doc>Closes the current browser.</doc>
<status status="PASS" starttime="20230316 22:29:09.651" endtime="20230316 22:29:12.423"/>
</kw>
<status status="PASS" starttime="20230316 22:28:58.075" endtime="20230316 22:29:12.423"/>
</test>
<test id="s1-t7" name="TC-PSF-05-06-07 ตรวจสอบการแสดงผลข้อมูลรอพิจารณาที่เลือกจากตาราง" line="81">
<kw name="เปิดหน้าจอ">
<arg>${url}</arg>
<doc>เข้าสู่ระบบและเปิดหน้าจอติดตามนิสิตรอการพินิจ</doc>
<kw name="Open Browser" library="SeleniumLibrary">
<arg>${url}</arg>
<arg>${web_browser}</arg>
<doc>Opens a new browser instance to the optional ``url``.</doc>
<msg timestamp="20230316 22:29:12.428" level="INFO">Opening browser 'firefox' to base url 'http://127.0.0.1:8080/'.</msg>
<msg timestamp="20230316 22:29:12.444" level="INFO">Firefox driver log is always forced to to: D:\Coding Study\sofTest\FN05\geckodriver-90.log</msg>
<status status="PASS" starttime="20230316 22:29:12.428" endtime="20230316 22:29:22.590"/>
</kw>
<kw name="Input Text" library="SeleniumLibrary">
<arg>${txt_email}</arg>
<arg>${login_name}</arg>
<doc>Types the given ``text`` into the text field identified by ``locator``.</doc>
<msg timestamp="20230316 22:29:22.591" level="INFO">Typing text 'pichet' into text field 'email'.</msg>
<status status="PASS" starttime="20230316 22:29:22.590" endtime="20230316 22:29:22.661"/>
</kw>
<kw name="Input Text" library="SeleniumLibrary">
<arg>${txt_pass}</arg>
<arg>${login_pass}</arg>
<doc>Types the given ``text`` into the text field identified by ``locator``.</doc>
<msg timestamp="20230316 22:29:22.662" level="INFO">Typing text '123456' into text field 'password'.</msg>
<status status="PASS" starttime="20230316 22:29:22.661" endtime="20230316 22:29:22.695"/>
</kw>
<kw name="Click Button" library="SeleniumLibrary">
<arg>${btn_ok}</arg>
<doc>Clicks the button identified by ``locator``.</doc>
<msg timestamp="20230316 22:29:22.695" level="INFO">Clicking button 'btnok'.</msg>
<status status="PASS" starttime="20230316 22:29:22.695" endtime="20230316 22:29:26.418"/>
</kw>
<kw name="Click Link" library="SeleniumLibrary">
<arg>${followStudent}</arg>
<doc>Clicks a link identified by ``locator``.</doc>
<msg timestamp="20230316 22:29:26.419" level="INFO">Clicking link 'xpath=//a[@href="/followStudent"]'.</msg>
<status status="PASS" starttime="20230316 22:29:26.418" endtime="20230316 22:29:26.622"/>
</kw>
<status status="PASS" starttime="20230316 22:29:12.428" endtime="20230316 22:29:26.622"/>
</kw>
<kw name="กดปุ่มไอคอน">
<arg>${btn_mail}</arg>
<doc>กดปุ่ม</doc>
<kw name="Click Link" library="SeleniumLibrary">
<arg>${btn}</arg>
<doc>Clicks a link identified by ``locator``.</doc>
<msg timestamp="20230316 22:29:26.622" level="INFO">Clicking link 'xpath=//a[@href="/followStudentCon/1"]'.</msg>
<status status="PASS" starttime="20230316 22:29:26.622" endtime="20230316 22:29:27.305"/>
</kw>
<status status="PASS" starttime="20230316 22:29:26.622" endtime="20230316 22:29:27.305"/>
</kw>
<kw name="เช็คข้อมูล">
<arg>${txt_cons}</arg>
<arg>${cons}</arg>
<doc>เช็คข้อมูลที่แสดงใน textfield</doc>
<kw name="Textfield Value Should Be" library="SeleniumLibrary">
<arg>${txt}</arg>
<arg>${show}</arg>
<doc>Verifies text field ``locator`` has exactly text ``expected``.</doc>
<msg timestamp="20230316 22:29:27.333" level="INFO">Content of text field 'stuCon' is 'โปรสูง'.</msg>
<status status="PASS" starttime="20230316 22:29:27.305" endtime="20230316 22:29:27.334"/>
</kw>
<status status="PASS" starttime="20230316 22:29:27.305" endtime="20230316 22:29:27.334"/>
</kw>
<kw name="Close Browser" library="SeleniumLibrary" type="TEARDOWN">
<doc>Closes the current browser.</doc>
<status status="PASS" starttime="20230316 22:29:27.334" endtime="20230316 22:29:30.096"/>
</kw>
<status status="PASS" starttime="20230316 22:29:12.425" endtime="20230316 22:29:30.097"/>
</test>
<test id="s1-t8" name="TC-PSF-05-06-08 ตรวจสอบการแสดงผลข้อมูลกล่องกรอกข้อความ" line="85">
<kw name="เปิดหน้าจอ">
<arg>${url}</arg>
<doc>เข้าสู่ระบบและเปิดหน้าจอติดตามนิสิตรอการพินิจ</doc>
<kw name="Open Browser" library="SeleniumLibrary">
<arg>${url}</arg>
<arg>${web_browser}</arg>
<doc>Opens a new browser instance to the optional ``url``.</doc>
<msg timestamp="20230316 22:29:30.102" level="INFO">Opening browser 'firefox' to base url 'http://127.0.0.1:8080/'.</msg>
<msg timestamp="20230316 22:29:30.111" level="INFO">Firefox driver log is always forced to to: D:\Coding Study\sofTest\FN05\geckodriver-91.log</msg>
<status status="PASS" starttime="20230316 22:29:30.102" endtime="20230316 22:29:41.786"/>
</kw>
<kw name="Input Text" library="SeleniumLibrary">
<arg>${txt_email}</arg>
<arg>${login_name}</arg>
<doc>Types the given ``text`` into the text field identified by ``locator``.</doc>
<msg timestamp="20230316 22:29:41.787" level="INFO">Typing text 'pichet' into text field 'email'.</msg>
<status status="PASS" starttime="20230316 22:29:41.786" endtime="20230316 22:29:41.863"/>
</kw>
<kw name="Input Text" library="SeleniumLibrary">
<arg>${txt_pass}</arg>
<arg>${login_pass}</arg>
<doc>Types the given ``text`` into the text field identified by ``locator``.</doc>
<msg timestamp="20230316 22:29:41.864" level="INFO">Typing text '123456' into text field 'password'.</msg>
<status status="PASS" starttime="20230316 22:29:41.863" endtime="20230316 22:29:41.899"/>
</kw>
<kw name="Click Button" library="SeleniumLibrary">
<arg>${btn_ok}</arg>
<doc>Clicks the button identified by ``locator``.</doc>
<msg timestamp="20230316 22:29:41.900" level="INFO">Clicking button 'btnok'.</msg>
<status status="PASS" starttime="20230316 22:29:41.900" endtime="20230316 22:29:45.438"/>
</kw>
<kw name="Click Link" library="SeleniumLibrary">
<arg>${followStudent}</arg>
<doc>Clicks a link identified by ``locator``.</doc>
<msg timestamp="20230316 22:29:45.439" level="INFO">Clicking link 'xpath=//a[@href="/followStudent"]'.</msg>
<status status="PASS" starttime="20230316 22:29:45.438" endtime="20230316 22:29:45.643"/>
</kw>
<status status="PASS" starttime="20230316 22:29:30.101" endtime="20230316 22:29:45.643"/>
</kw>
<kw name="กดปุ่มไอคอน">
<arg>${btn_mail}</arg>
<doc>กดปุ่ม</doc>
<kw name="Click Link" library="SeleniumLibrary">
<arg>${btn}</arg>
<doc>Clicks a link identified by ``locator``.</doc>
<msg timestamp="20230316 22:29:45.644" level="INFO">Clicking link 'xpath=//a[@href="/followStudentCon/1"]'.</msg>
<status status="PASS" starttime="20230316 22:29:45.644" endtime="20230316 22:29:47.188"/>
</kw>
<status status="PASS" starttime="20230316 22:29:45.643" endtime="20230316 22:29:47.188"/>
</kw>
<kw name="Page Should Contain Element" library="SeleniumLibrary">
<arg>${txt_mail}</arg>
<doc>Verifies that element ``locator`` is found on the current page.</doc>
<msg timestamp="20230316 22:29:47.200" level="INFO">Current page contains element 'stuConReg'.</msg>
<status status="PASS" starttime="20230316 22:29:47.190" endtime="20230316 22:29:47.200"/>
</kw>
<kw name="Close Browser" library="SeleniumLibrary" type="TEARDOWN">
<doc>Closes the current browser.</doc>
<status status="PASS" starttime="20230316 22:29:47.201" endtime="20230316 22:29:49.977"/>
</kw>
<status status="PASS" starttime="20230316 22:29:30.098" endtime="20230316 22:29:49.977"/>
</test>
<test id="s1-t9" name="TC-PSF-05-06-09 ตรวจสอบการแสดงผลข้อมูลตารางการพูดคุย" line="89">
<kw name="เปิดหน้าจอ">
<arg>${url}</arg>
<doc>เข้าสู่ระบบและเปิดหน้าจอติดตามนิสิตรอการพินิจ</doc>
<kw name="Open Browser" library="SeleniumLibrary">
<arg>${url}</arg>
<arg>${web_browser}</arg>
<doc>Opens a new browser instance to the optional ``url``.</doc>
<msg timestamp="20230316 22:29:49.982" level="INFO">Opening browser 'firefox' to base url 'http://127.0.0.1:8080/'.</msg>
<msg timestamp="20230316 22:29:49.989" level="INFO">Firefox driver log is always forced to to: D:\Coding Study\sofTest\FN05\geckodriver-92.log</msg>
<status status="PASS" starttime="20230316 22:29:49.981" endtime="20230316 22:29:58.538"/>
</kw>
<kw name="Input Text" library="SeleniumLibrary">
<arg>${txt_email}</arg>
<arg>${login_name}</arg>
<doc>Types the given ``text`` into the text field identified by ``locator``.</doc>
<msg timestamp="20230316 22:29:58.540" level="INFO">Typing text 'pichet' into text field 'email'.</msg>
<status status="PASS" starttime="20230316 22:29:58.539" endtime="20230316 22:29:58.631"/>
</kw>
<kw name="Input Text" library="SeleniumLibrary">
<arg>${txt_pass}</arg>
<arg>${login_pass}</arg>
<doc>Types the given ``text`` into the text field identified by ``locator``.</doc>
<msg timestamp="20230316 22:29:58.632" level="INFO">Typing text '123456' into text field 'password'.</msg>
<status status="PASS" starttime="20230316 22:29:58.631" endtime="20230316 22:29:58.672"/>
</kw>
<kw name="Click Button" library="SeleniumLibrary">
<arg>${btn_ok}</arg>
<doc>Clicks the button identified by ``locator``.</doc>
<msg timestamp="20230316 22:29:58.673" level="INFO">Clicking button 'btnok'.</msg>
<status status="PASS" starttime="20230316 22:29:58.673" endtime="20230316 22:30:01.263"/>
</kw>
<kw name="Click Link" library="SeleniumLibrary">
<arg>${followStudent}</arg>
<doc>Clicks a link identified by ``locator``.</doc>
<msg timestamp="20230316 22:30:01.263" level="INFO">Clicking link 'xpath=//a[@href="/followStudent"]'.</msg>
<status status="PASS" starttime="20230316 22:30:01.263" endtime="20230316 22:30:01.468"/>
</kw>
<status status="PASS" starttime="20230316 22:29:49.980" endtime="20230316 22:30:01.468"/>
</kw>
<kw name="กดปุ่มไอคอน">
<arg>${btn_mail}</arg>
<doc>กดปุ่ม</doc>
<kw name="Click Link" library="SeleniumLibrary">
<arg>${btn}</arg>
<doc>Clicks a link identified by ``locator``.</doc>
<msg timestamp="20230316 22:30:01.472" level="INFO">Clicking link 'xpath=//a[@href="/followStudentCon/1"]'.</msg>
<status status="PASS" starttime="20230316 22:30:01.471" endtime="20230316 22:30:01.731"/>
</kw>
<status status="PASS" starttime="20230316 22:30:01.470" endtime="20230316 22:30:01.731"/>
</kw>
<kw name="Page Should Contain" library="SeleniumLibrary">
<arg>ลำดับ</arg>
<doc>Verifies that current page contains ``text``.</doc>
<msg timestamp="20230316 22:30:01.755" level="INFO">Current page contains text 'ลำดับ'.</msg>
<status status="PASS" starttime="20230316 22:30:01.732" endtime="20230316 22:30:01.755"/>
</kw>
<kw name="Page Should Contain" library="SeleniumLibrary">
<arg>วัน เดือน ปี</arg>
<doc>Verifies that current page contains ``text``.</doc>
<msg timestamp="20230316 22:30:01.766" level="INFO">Current page contains text 'วัน เดือน ปี'.</msg>
<status status="PASS" starttime="20230316 22:30:01.756" endtime="20230316 22:30:01.766"/>
</kw>
<kw name="Page Should Contain" library="SeleniumLibrary">
<arg>แผนการเรียน</arg>
<doc>Verifies that current page contains ``text``.</doc>
<msg timestamp="20230316 22:30:01.775" level="INFO">Current page contains text 'แผนการเรียน'.</msg>
<status status="PASS" starttime="20230316 22:30:01.767" endtime="20230316 22:30:01.775"/>
</kw>
<kw name="Close Browser" library="SeleniumLibrary" type="TEARDOWN">
<doc>Closes the current browser.</doc>
<status status="PASS" starttime="20230316 22:30:01.776" endtime="20230316 22:30:04.672"/>
</kw>
<status status="PASS" starttime="20230316 22:29:49.979" endtime="20230316 22:30:04.672"/>
</test>
<status status="PASS" starttime="20230316 22:27:40.163" endtime="20230316 22:30:04.674"/>
</suite>
<statistics>
<total>
<stat pass="9" fail="0" skip="0">All Tests</stat>
</total>
<tag>
</tag>
<suite>
<stat pass="9" fail="0" skip="0" id="s1" name="FN05-06">FN05-06</stat>
</suite>
</statistics>
<errors>
</errors>
</robot>
