<?xml version="1.0" encoding="UTF-8"?>
<robot generator="Robot 6.0.2 (Python 3.11.2 on win32)" generated="20230316 17:24:21.867" rpa="false" schemaversion="3">
<suite id="s1" name="FN04-01" source="D:\Coding Study\sofTest\FN04\FN04-01.robot">
<test id="s1-t1" name="TC-PSF-04-01-01 ตรวจสอบการกรอกข้อมูลช่องค้นหาจากชื่อ" line="47">
<kw name="เปิดหน้าจอ">
<arg>${url}</arg>
<doc>เข้าสู่ระบบและเปิดหน้าจอนิสิตจบไม่ตรงแผน</doc>
<kw name="Open Browser" library="SeleniumLibrary">
<arg>${url}</arg>
<arg>${web_browser}</arg>
<doc>Opens a new browser instance to the optional ``url``.</doc>
<msg timestamp="20230316 17:24:22.378" level="INFO">Opening browser 'chrome' to base url 'http://127.0.0.1:8080/'.</msg>
<status status="PASS" starttime="20230316 17:24:22.377" endtime="20230316 17:24:30.051"/>
</kw>
<kw name="Input Text" library="SeleniumLibrary">
<arg>${txt_email}</arg>
<arg>${login_name}</arg>
<doc>Types the given ``text`` into the text field identified by ``locator``.</doc>
<msg timestamp="20230316 17:24:30.054" level="INFO">Typing text 'pichet' into text field 'email'.</msg>
<status status="PASS" starttime="20230316 17:24:30.052" endtime="20230316 17:24:30.325"/>
</kw>
<kw name="Input Text" library="SeleniumLibrary">
<arg>${txt_pass}</arg>
<arg>${login_pass}</arg>
<doc>Types the given ``text`` into the text field identified by ``locator``.</doc>
<msg timestamp="20230316 17:24:30.327" level="INFO">Typing text '123456' into text field 'password'.</msg>
<status status="PASS" starttime="20230316 17:24:30.326" endtime="20230316 17:24:30.609"/>
</kw>
<kw name="Click Button" library="SeleniumLibrary">
<arg>${btn_ok}</arg>
<doc>Clicks the button identified by ``locator``.</doc>
<msg timestamp="20230316 17:24:30.610" level="INFO">Clicking button 'btnok'.</msg>
<status status="PASS" starttime="20230316 17:24:30.609" endtime="20230316 17:24:32.111"/>
</kw>
<kw name="Click Link" library="SeleniumLibrary">
<arg>${manageEnp}</arg>
<doc>Clicks a link identified by ``locator``.</doc>
<msg timestamp="20230316 17:24:32.112" level="INFO">Clicking link 'xpath=//a[@href="/manageStudentEnp"]'.</msg>
<status status="PASS" starttime="20230316 17:24:32.112" endtime="20230316 17:24:32.279"/>
</kw>
<status status="PASS" starttime="20230316 17:24:22.377" endtime="20230316 17:24:32.279"/>
</kw>
<kw name="กรอกข้อมูล">
<arg>${txt_search}</arg>
<arg>${search1}</arg>
<doc>ใช้กรอกข้อมูล</doc>
<kw name="Input Text" library="SeleniumLibrary">
<arg>${txt}</arg>
<arg>${input}</arg>
<doc>Types the given ``text`` into the text field identified by ``locator``.</doc>
<msg timestamp="20230316 17:24:32.285" level="INFO">Typing text 'นาย ชรัญธร' into text field 'searchuser'.</msg>
<status status="PASS" starttime="20230316 17:24:32.283" endtime="20230316 17:24:32.471"/>
</kw>
<status status="PASS" starttime="20230316 17:24:32.281" endtime="20230316 17:24:32.472"/>
</kw>
<kw name="กดปุ่ม">
<arg>${btn_search}</arg>
<doc>กดปุ่ม</doc>
<kw name="Click Button" library="SeleniumLibrary">
<arg>${btn}</arg>
<doc>Clicks the button identified by ``locator``.</doc>
<msg timestamp="20230316 17:24:32.474" level="INFO">Clicking button 'btnsearch'.</msg>
<status status="PASS" starttime="20230316 17:24:32.473" endtime="20230316 17:24:32.643"/>
</kw>
<status status="PASS" starttime="20230316 17:24:32.472" endtime="20230316 17:24:32.644"/>
</kw>
<kw name="Close Browser" library="SeleniumLibrary" type="TEARDOWN">
<doc>Closes the current browser.</doc>
<status status="PASS" starttime="20230316 17:24:32.645" endtime="20230316 17:24:34.888"/>
</kw>
<status status="PASS" starttime="20230316 17:24:22.371" endtime="20230316 17:24:34.889"/>
</test>
<test id="s1-t2" name="TC-PSF-04-01-02 ตรวจสอบการกรอกข้อมูลช่องค้นหาจากนามสกุล" line="51">
<kw name="เปิดหน้าจอ">
<arg>${url}</arg>
<doc>เข้าสู่ระบบและเปิดหน้าจอนิสิตจบไม่ตรงแผน</doc>
<kw name="Open Browser" library="SeleniumLibrary">
<arg>${url}</arg>
<arg>${web_browser}</arg>
<doc>Opens a new browser instance to the optional ``url``.</doc>
<msg timestamp="20230316 17:24:34.895" level="INFO">Opening browser 'chrome' to base url 'http://127.0.0.1:8080/'.</msg>
<status status="PASS" starttime="20230316 17:24:34.894" endtime="20230316 17:24:38.122"/>
</kw>
<kw name="Input Text" library="SeleniumLibrary">
<arg>${txt_email}</arg>
<arg>${login_name}</arg>
<doc>Types the given ``text`` into the text field identified by ``locator``.</doc>
<msg timestamp="20230316 17:24:38.123" level="INFO">Typing text 'pichet' into text field 'email'.</msg>
<status status="PASS" starttime="20230316 17:24:38.122" endtime="20230316 17:24:38.310"/>
</kw>
<kw name="Input Text" library="SeleniumLibrary">
<arg>${txt_pass}</arg>
<arg>${login_pass}</arg>
<doc>Types the given ``text`` into the text field identified by ``locator``.</doc>
<msg timestamp="20230316 17:24:38.311" level="INFO">Typing text '123456' into text field 'password'.</msg>
<status status="PASS" starttime="20230316 17:24:38.310" endtime="20230316 17:24:38.467"/>
</kw>
<kw name="Click Button" library="SeleniumLibrary">
<arg>${btn_ok}</arg>
<doc>Clicks the button identified by ``locator``.</doc>
<msg timestamp="20230316 17:24:38.468" level="INFO">Clicking button 'btnok'.</msg>
<status status="PASS" starttime="20230316 17:24:38.467" endtime="20230316 17:24:39.001"/>
</kw>
<kw name="Click Link" library="SeleniumLibrary">
<arg>${manageEnp}</arg>
<doc>Clicks a link identified by ``locator``.</doc>
<msg timestamp="20230316 17:24:39.002" level="INFO">Clicking link 'xpath=//a[@href="/manageStudentEnp"]'.</msg>
<status status="PASS" starttime="20230316 17:24:39.001" endtime="20230316 17:24:39.205"/>
</kw>
<status status="PASS" starttime="20230316 17:24:34.894" endtime="20230316 17:24:39.205"/>
</kw>
<kw name="กรอกข้อมูล">
<arg>${txt_search}</arg>
<arg>${search2}</arg>
<doc>ใช้กรอกข้อมูล</doc>
<kw name="Input Text" library="SeleniumLibrary">
<arg>${txt}</arg>
<arg>${input}</arg>
<doc>Types the given ``text`` into the text field identified by ``locator``.</doc>
<msg timestamp="20230316 17:24:39.209" level="INFO">Typing text 'วงษ์ไทย' into text field 'searchuser'.</msg>
<status status="PASS" starttime="20230316 17:24:39.208" endtime="20230316 17:24:39.390"/>
</kw>
<status status="PASS" starttime="20230316 17:24:39.207" endtime="20230316 17:24:39.390"/>
</kw>
<kw name="กดปุ่ม">
<arg>${btn_search}</arg>
<doc>กดปุ่ม</doc>
<kw name="Click Button" library="SeleniumLibrary">
<arg>${btn}</arg>
<doc>Clicks the button identified by ``locator``.</doc>
<msg timestamp="20230316 17:24:39.392" level="INFO">Clicking button 'btnsearch'.</msg>
<status status="PASS" starttime="20230316 17:24:39.391" endtime="20230316 17:24:39.550"/>
</kw>
<status status="PASS" starttime="20230316 17:24:39.390" endtime="20230316 17:24:39.551"/>
</kw>
<kw name="Close Browser" library="SeleniumLibrary" type="TEARDOWN">
<doc>Closes the current browser.</doc>
<status status="PASS" starttime="20230316 17:24:39.552" endtime="20230316 17:24:41.812"/>
</kw>
<status status="PASS" starttime="20230316 17:24:34.891" endtime="20230316 17:24:41.813"/>
</test>
<test id="s1-t3" name="TC-PSF-04-01-03 ตรวจสอบการกรอกข้อมูลช่องค้นหาจากรหัสนิสิต" line="55">
<kw name="เปิดหน้าจอ">
<arg>${url}</arg>
<doc>เข้าสู่ระบบและเปิดหน้าจอนิสิตจบไม่ตรงแผน</doc>
<kw name="Open Browser" library="SeleniumLibrary">
<arg>${url}</arg>
<arg>${web_browser}</arg>
<doc>Opens a new browser instance to the optional ``url``.</doc>
<msg timestamp="20230316 17:24:41.818" level="INFO">Opening browser 'chrome' to base url 'http://127.0.0.1:8080/'.</msg>
<status status="PASS" starttime="20230316 17:24:41.816" endtime="20230316 17:24:44.706"/>
</kw>
<kw name="Input Text" library="SeleniumLibrary">
<arg>${txt_email}</arg>
<arg>${login_name}</arg>
<doc>Types the given ``text`` into the text field identified by ``locator``.</doc>
<msg timestamp="20230316 17:24:44.708" level="INFO">Typing text 'pichet' into text field 'email'.</msg>
<status status="PASS" starttime="20230316 17:24:44.707" endtime="20230316 17:24:44.883"/>
</kw>
<kw name="Input Text" library="SeleniumLibrary">
<arg>${txt_pass}</arg>
<arg>${login_pass}</arg>
<doc>Types the given ``text`` into the text field identified by ``locator``.</doc>
<msg timestamp="20230316 17:24:44.884" level="INFO">Typing text '123456' into text field 'password'.</msg>
<status status="PASS" starttime="20230316 17:24:44.883" endtime="20230316 17:24:45.102"/>
</kw>
<kw name="Click Button" library="SeleniumLibrary">
<arg>${btn_ok}</arg>
<doc>Clicks the button identified by ``locator``.</doc>
<msg timestamp="20230316 17:24:45.103" level="INFO">Clicking button 'btnok'.</msg>
<status status="PASS" starttime="20230316 17:24:45.102" endtime="20230316 17:24:45.879"/>
</kw>
<kw name="Click Link" library="SeleniumLibrary">
<arg>${manageEnp}</arg>
<doc>Clicks a link identified by ``locator``.</doc>
<msg timestamp="20230316 17:24:45.880" level="INFO">Clicking link 'xpath=//a[@href="/manageStudentEnp"]'.</msg>
<status status="PASS" starttime="20230316 17:24:45.879" endtime="20230316 17:24:46.091"/>
</kw>
<status status="PASS" starttime="20230316 17:24:41.816" endtime="20230316 17:24:46.092"/>
</kw>
<kw name="กรอกข้อมูล">
<arg>${txt_search}</arg>
<arg>${search3}</arg>
<doc>ใช้กรอกข้อมูล</doc>
<kw name="Input Text" library="SeleniumLibrary">
<arg>${txt}</arg>
<arg>${input}</arg>
<doc>Types the given ``text`` into the text field identified by ``locator``.</doc>
<msg timestamp="20230316 17:24:46.094" level="INFO">Typing text '58660044' into text field 'searchuser'.</msg>
<status status="PASS" starttime="20230316 17:24:46.093" endtime="20230316 17:24:46.321"/>
</kw>
<status status="PASS" starttime="20230316 17:24:46.092" endtime="20230316 17:24:46.321"/>
</kw>
<kw name="กดปุ่ม">
<arg>${btn_search}</arg>
<doc>กดปุ่ม</doc>
<kw name="Click Button" library="SeleniumLibrary">
<arg>${btn}</arg>
<doc>Clicks the button identified by ``locator``.</doc>
<msg timestamp="20230316 17:24:46.322" level="INFO">Clicking button 'btnsearch'.</msg>
<status status="PASS" starttime="20230316 17:24:46.322" endtime="20230316 17:24:46.482"/>
</kw>
<status status="PASS" starttime="20230316 17:24:46.321" endtime="20230316 17:24:46.482"/>
</kw>
<kw name="Close Browser" library="SeleniumLibrary" type="TEARDOWN">
<doc>Closes the current browser.</doc>
<status status="PASS" starttime="20230316 17:24:46.484" endtime="20230316 17:24:48.732"/>
</kw>
<status status="PASS" starttime="20230316 17:24:41.814" endtime="20230316 17:24:48.732"/>
</test>
<test id="s1-t4" name="TC-PSF-04-01-04 ตรวจสอบการกรอกข้อมูลค้นหา รับไม่เกิน 50 ตัวอักษร" line="59">
<kw name="เปิดหน้าจอ">
<arg>${url}</arg>
<doc>เข้าสู่ระบบและเปิดหน้าจอนิสิตจบไม่ตรงแผน</doc>
<kw name="Open Browser" library="SeleniumLibrary">
<arg>${url}</arg>
<arg>${web_browser}</arg>
<doc>Opens a new browser instance to the optional ``url``.</doc>
<msg timestamp="20230316 17:24:48.736" level="INFO">Opening browser 'chrome' to base url 'http://127.0.0.1:8080/'.</msg>
<status status="PASS" starttime="20230316 17:24:48.736" endtime="20230316 17:24:53.958"/>
</kw>
<kw name="Input Text" library="SeleniumLibrary">
<arg>${txt_email}</arg>
<arg>${login_name}</arg>
<doc>Types the given ``text`` into the text field identified by ``locator``.</doc>
<msg timestamp="20230316 17:24:53.959" level="INFO">Typing text 'pichet' into text field 'email'.</msg>
<status status="PASS" starttime="20230316 17:24:53.958" endtime="20230316 17:24:54.129"/>
</kw>
<kw name="Input Text" library="SeleniumLibrary">
<arg>${txt_pass}</arg>
<arg>${login_pass}</arg>
<doc>Types the given ``text`` into the text field identified by ``locator``.</doc>
<msg timestamp="20230316 17:24:54.131" level="INFO">Typing text '123456' into text field 'password'.</msg>
<status status="PASS" starttime="20230316 17:24:54.130" endtime="20230316 17:24:54.313"/>
</kw>
<kw name="Click Button" library="SeleniumLibrary">
<arg>${btn_ok}</arg>
<doc>Clicks the button identified by ``locator``.</doc>
<msg timestamp="20230316 17:24:54.313" level="INFO">Clicking button 'btnok'.</msg>
<status status="PASS" starttime="20230316 17:24:54.313" endtime="20230316 17:24:55.218"/>
</kw>
<kw name="Click Link" library="SeleniumLibrary">
<arg>${manageEnp}</arg>
<doc>Clicks a link identified by ``locator``.</doc>
<msg timestamp="20230316 17:24:55.219" level="INFO">Clicking link 'xpath=//a[@href="/manageStudentEnp"]'.</msg>
<status status="PASS" starttime="20230316 17:24:55.218" endtime="20230316 17:24:55.414"/>
</kw>
<status status="PASS" starttime="20230316 17:24:48.736" endtime="20230316 17:24:55.415"/>
</kw>
<kw name="กรอกข้อมูล">
<arg>${txt_search}</arg>
<arg>${search4}</arg>
<doc>ใช้กรอกข้อมูล</doc>
<kw name="Input Text" library="SeleniumLibrary">
<arg>${txt}</arg>
<arg>${input}</arg>
<doc>Types the given ``text`` into the text field identified by ``locator``.</doc>
<msg timestamp="20230316 17:24:55.417" level="INFO">Typing text 'นามสกุลลลลลลลลลลลลลลลลลลลลลลลลลลลลลลลลลลลลลลลลลลลลลล' into text field 'searchuser'.</msg>
<status status="PASS" starttime="20230316 17:24:55.416" endtime="20230316 17:24:55.974"/>
</kw>
<status status="PASS" starttime="20230316 17:24:55.416" endtime="20230316 17:24:55.974"/>
</kw>
<kw name="กดปุ่ม">
<arg>${btn_search}</arg>
<doc>กดปุ่ม</doc>
<kw name="Click Button" library="SeleniumLibrary">
<arg>${btn}</arg>
<doc>Clicks the button identified by ``locator``.</doc>
<msg timestamp="20230316 17:24:55.976" level="INFO">Clicking button 'btnsearch'.</msg>
<status status="PASS" starttime="20230316 17:24:55.976" endtime="20230316 17:24:56.150"/>
</kw>
<status status="PASS" starttime="20230316 17:24:55.975" endtime="20230316 17:24:56.151"/>
</kw>
<kw name="Close Browser" library="SeleniumLibrary" type="TEARDOWN">
<doc>Closes the current browser.</doc>
<status status="PASS" starttime="20230316 17:24:56.152" endtime="20230316 17:24:58.425"/>
</kw>
<status status="PASS" starttime="20230316 17:24:48.734" endtime="20230316 17:24:58.425"/>
</test>
<status status="PASS" starttime="20230316 17:24:21.871" endtime="20230316 17:24:58.429"/>
</suite>
<statistics>
<total>
<stat pass="4" fail="0" skip="0">All Tests</stat>
</total>
<tag>
</tag>
<suite>
<stat pass="4" fail="0" skip="0" id="s1" name="FN04-01">FN04-01</stat>
</suite>
</statistics>
<errors>
</errors>
</robot>
